<?xml version="1.0" encoding="UTF-8"?>
<testng-results skipped="0" failed="0" ignored="0" total="2" passed="2">
  <reporter-output>
  </reporter-output>
  <suite name="Default suite" duration-ms="96729" started-at="2019-12-24T11:48:03 IST" finished-at="2019-12-24T11:49:39 IST">
    <groups>
    </groups>
    <test name="Default test" duration-ms="96729" started-at="2019-12-24T11:48:03 IST" finished-at="2019-12-24T11:49:39 IST">
      <class name="testcases.howzat_testcase1">
        <test-method status="PASS" signature="launchBrowser()[pri:0, instance:testcases.howzat_testcase1@3fd7a715]" name="launchBrowser" is-config="true" duration-ms="37955" started-at="2019-12-24T11:48:03 IST" finished-at="2019-12-24T11:48:41 IST">
          <reporter-output>
          </reporter-output>
        </test-method> <!-- launchBrowser -->
        <test-method status="PASS" signature="registerUser()[pri:2, instance:testcases.howzat_testcase1@3fd7a715]" name="registerUser" duration-ms="24470" started-at="2019-12-24T11:48:41 IST" finished-at="2019-12-24T11:49:05 IST">
          <reporter-output>
          </reporter-output>
        </test-method> <!-- registerUser -->
        <test-method status="PASS" signature="loginUser()[pri:3, instance:testcases.howzat_testcase1@3fd7a715]" name="loginUser" duration-ms="34241" started-at="2019-12-24T11:49:05 IST" finished-at="2019-12-24T11:49:39 IST">
          <reporter-output>
          </reporter-output>
        </test-method> <!-- loginUser -->
      </class> <!-- testcases.howzat_testcase1 -->
    </test> <!-- Default test -->
  </suite> <!-- Default suite -->
</testng-results>
